<?xml version="1.0" encoding="UTF-8"?>
<!-- Generated by org.testng.reporters.JUnitXMLReporter -->
<testsuite ignored="0" hostname="DESKTOP-LCUQ06A" failures="0" tests="2" name="Executing in chrome" time="51.41" errors="0" timestamp="2025-06-03T21:04:05 IST">
  <testcase classname="com.sevenrmartsupermarket.tests.LoginTest" name="verifyLoginWithValidData" time="4.907">
    <skipped/>
  </testcase> <!-- verifyLoginWithValidData -->
  <testcase classname="com.sevenrmartsupermarket.tests.LoginTest" name="verifyLoginWithValidData" time="14.763"/>
</testsuite> <!-- Executing in chrome -->
