<?xml version="1.0" encoding="UTF-8"?>
<!-- Generated by org.testng.reporters.JUnitXMLReporter -->
<testsuite ignored="0" hostname="DESKTOP-LCUQ06A" failures="1" tests="5" name="Smoke Test" time="132.644" errors="0" timestamp="2025-06-05T13:26:33 IST">
  <testcase classname="com.sevenrmartsupermarket.tests.LoginTest" name="verifyLoginWithValidData" time="10.845">
    <skipped/>
  </testcase> <!-- verifyLoginWithValidData -->
  <testcase classname="com.sevenrmartsupermarket.tests.LoginTest" name="verifyLoginWithValidData" time="4.822">
    <skipped/>
  </testcase> <!-- verifyLoginWithValidData -->
  <testcase classname="com.sevenrmartsupermarket.tests.LoginTest" name="verifyLoginWithValidData" time="5.578">
    <skipped/>
  </testcase> <!-- verifyLoginWithValidData -->
  <testcase classname="com.sevenrmartsupermarket.tests.LoginTest" name="verifyLoginWithValidData" time="1.984">
    <skipped/>
  </testcase> <!-- verifyLoginWithValidData -->
  <testcase classname="com.sevenrmartsupermarket.tests.LoginTest" name="verifyLoginWithValidData" time="2.701">
    <failure type="java.lang.NullPointerException" message="Cannot invoke &amp;quot;org.apache.poi.xssf.usermodel.XSSFSheet.getRow(int)&amp;quot; because &amp;quot;this.sheet&amp;quot; is null">
      <![CDATA[java.lang.NullPointerException: Cannot invoke "org.apache.poi.xssf.usermodel.XSSFSheet.getRow(int)" because "this.sheet" is null
at com.sevenrmartsupermarket.utilities.ExcelReader.getCellData(ExcelReader.java:35)
at com.sevenrmartsupermarket.tests.LoginTest.verifyLoginWithValidData(LoginTest.java:24)
at java.base/java.util.ArrayList.forEach(ArrayList.java:1596)
... Removed 25 stack frames]]>
    </failure>
  </testcase> <!-- verifyLoginWithValidData -->
</testsuite> <!-- Smoke Test -->
